Using pre-set license
Built from '2020.3/staging' branch; Version is '2020.3.4f1 (0abb6314276a) revision 703331'; Using compiler version '192528614'; Build Type 'Release'
OS: 'Windows 10 Pro; OS build 19042.1052; Version 2009; 64bit' Language: 'en' Physical Memory: 16245 MB
BatchMode: 1, IsHumanControllingUs: 0, StartBugReporterOnCrash: 0, Is64bit: 1, IsPro: 0

 COMMAND LINE ARGUMENTS:
C:\Program Files\Unity\Hub\Editor\2020.3.4f1\Editor\Unity.exe
-adb2
-batchMode
-noUpm
-name
AssetImportWorker0
-projectPath
C:/Users/Ruben/SimulateEnvironment
-logFile
Logs/AssetImportWorker0.log
-srvPort
53720
Successfully changed project path to: C:/Users/Ruben/SimulateEnvironment
C:/Users/Ruben/SimulateEnvironment
Using Asset Import Pipeline V2.
Refreshing native plugins compatible for Editor in 40.61 ms, found 1 plugins.
Preloading 0 native plugins for Editor in 0.00 ms.
Initialize engine version: 2020.3.4f1 (0abb6314276a)
[Subsystems] Discovering subsystems at path C:/Program Files/Unity/Hub/Editor/2020.3.4f1/Editor/Data/Resources/UnitySubsystems
[Subsystems] Discovering subsystems at path C:/Users/Ruben/SimulateEnvironment/Assets
GfxDevice: creating device client; threaded=0
Direct3D:
    Version:  Direct3D 11.0 [level 11.1]
    Renderer: AMD Radeon R9 200 Series (ID=0x67b1)
    Vendor:   
    VRAM:     4072 MB
    Driver:   27.20.1034.6
Initialize mono
Mono path[0] = 'C:/Program Files/Unity/Hub/Editor/2020.3.4f1/Editor/Data/Managed'
Mono path[1] = 'C:/Program Files/Unity/Hub/Editor/2020.3.4f1/Editor/Data/MonoBleedingEdge/lib/mono/unityjit'
Mono config path = 'C:/Program Files/Unity/Hub/Editor/2020.3.4f1/Editor/Data/MonoBleedingEdge/etc'
Using monoOptions --debugger-agent=transport=dt_socket,embedding=1,server=y,suspend=n,address=127.0.0.1:56832
Begin MonoManager ReloadAssembly
Registering precompiled unity dll's ...
Register platform support module: C:/Program Files/Unity/Hub/Editor/2020.3.4f1/Editor/Data/PlaybackEngines/WindowsStandaloneSupport/UnityEditor.WindowsStandalone.Extensions.dll
Registered in 0.044025 seconds.
Native extension for WindowsStandalone target not found
Refreshing native plugins compatible for Editor in 49.56 ms, found 1 plugins.
Preloading 0 native plugins for Editor in 0.00 ms.
Mono: successfully reloaded assembly
- Completed reload, in 12.866 seconds
Platform modules already initialized, skipping
Registering precompiled user dll's ...
Registered in 0.007746 seconds.
Begin MonoManager ReloadAssembly
Native extension for WindowsStandalone target not found
Refreshing native plugins compatible for Editor in 42.31 ms, found 1 plugins.
Preloading 0 native plugins for Editor in 0.00 ms.
Mono: successfully reloaded assembly
- Completed reload, in  2.329 seconds
Platform modules already initialized, skipping
========================================================================
Worker process is ready to serve import requests
Launched and connected shader compiler UnityShaderCompiler.exe after 0.10 seconds
Refreshing native plugins compatible for Editor in 0.53 ms, found 1 plugins.
Preloading 0 native plugins for Editor in 0.00 ms.
Unloading 1839 Unused Serialized files (Serialized files now loaded: 0)
System memory in use before: 98.4 MB.
System memory in use after: 98.3 MB.

Unloading 23 unused Assets to reduce memory usage. Loaded Objects now: 2305.
Total: 10.674300 ms (FindLiveObjects: 0.868600 ms CreateObjectMapping: 0.171400 ms MarkObjects: 9.510100 ms  DeleteObjects: 0.122100 ms)

========================================================================
Received Import Request.
  path: Assets/SimulationController/SimulationControl.cs
  artifactKey: Guid(77e18a0ad6293774cb1a5a43faa03fb2) Importer(815301076,1909f56bfc062723c751e8b465ee728b)
Start importing Assets/SimulationController/SimulationControl.cs using Guid(77e18a0ad6293774cb1a5a43faa03fb2) Importer(815301076,1909f56bfc062723c751e8b465ee728b)  -> (artifact id: '56cd3807c17ed5ffcee7b3a983a47e3b') in 0.113822 seconds
  Import took 0.123046 seconds .

========================================================================
Received Prepare
Registering precompiled user dll's ...
Registered in 0.001441 seconds.
Begin MonoManager ReloadAssembly
Native extension for WindowsStandalone target not found
Refreshing native plugins compatible for Editor in 0.38 ms, found 1 plugins.
Preloading 0 native plugins for Editor in 0.00 ms.
Mono: successfully reloaded assembly
- Completed reload, in  1.250 seconds
Platform modules already initialized, skipping
Refreshing native plugins compatible for Editor in 0.35 ms, found 1 plugins.
Preloading 0 native plugins for Editor in 0.00 ms.
Unloading 1834 Unused Serialized files (Serialized files now loaded: 0)
System memory in use before: 98.4 MB.
System memory in use after: 98.3 MB.

Unloading 12 unused Assets to reduce memory usage. Loaded Objects now: 2309.
Total: 2.741700 ms (FindLiveObjects: 0.324900 ms CreateObjectMapping: 0.168100 ms MarkObjects: 2.121400 ms  DeleteObjects: 0.126100 ms)

========================================================================
Received Import Request.
  Time since last request: 31684.855025 seconds.
  path: Assets/SimulationController/SimulationControl.cs
  artifactKey: Guid(77e18a0ad6293774cb1a5a43faa03fb2) Importer(815301076,1909f56bfc062723c751e8b465ee728b)
Start importing Assets/SimulationController/SimulationControl.cs using Guid(77e18a0ad6293774cb1a5a43faa03fb2) Importer(815301076,1909f56bfc062723c751e8b465ee728b)  -> (artifact id: '3be83114c751fcb1a0e8e126fce02ada') in 0.017146 seconds
  Import took 0.021638 seconds .

AssetImportWorkerClient::OnTransportError - code=2 error=End of file
